Using pre-set license
Built from '2020.2/release' branch; Version is '2020.2.2f1 (068178b99f32) revision 426360'; Using compiler version '192528614'; Build Type 'Release'
OS: 'Windows 10 Home Single Language; OS build 19042.1110; Version 2009; 64bit' Language: 'tr' Physical Memory: 16319 MB
BatchMode: 1, IsHumanControllingUs: 0, StartBugReporterOnCrash: 0, Is64bit: 1, IsPro: 0

 COMMAND LINE ARGUMENTS:
C:\Program Files\Unity\Hub\Editor\2020.2.2f1\Editor\Unity.exe
-adb2
-batchMode
-noUpm
-name
AssetImportWorker0
-projectPath
C:/Users/Kaan/Documents/GitHub/UnityRPG/RPG Project
-logFile
Logs/AssetImportWorker0.log
-srvPort
49573
Successfully changed project path to: C:/Users/Kaan/Documents/GitHub/UnityRPG/RPG Project
C:/Users/Kaan/Documents/GitHub/UnityRPG/RPG Project
Using Asset Import Pipeline V2.
Refreshing native plugins compatible for Editor in 52.42 ms, found 0 plugins.
Preloading 0 native plugins for Editor in 0.00 ms.
Initialize engine version: 2020.2.2f1 (068178b99f32)
[Subsystems] Discovering subsystems at path C:/Program Files/Unity/Hub/Editor/2020.2.2f1/Editor/Data/Resources/UnitySubsystems
[Subsystems] Discovering subsystems at path C:/Users/Kaan/Documents/GitHub/UnityRPG/RPG Project/Assets
GfxDevice: creating device client; threaded=0
Direct3D:
    Version:  Direct3D 11.0 [level 11.1]
    Renderer: NVIDIA GeForce GTX 1070 (ID=0x1be1)
    Vendor:   
    VRAM:     8081 MB
    Driver:   30.0.14.7111
Initialize mono
Mono path[0] = 'C:/Program Files/Unity/Hub/Editor/2020.2.2f1/Editor/Data/Managed'
Mono path[1] = 'C:/Program Files/Unity/Hub/Editor/2020.2.2f1/Editor/Data/MonoBleedingEdge/lib/mono/unityjit'
Mono config path = 'C:/Program Files/Unity/Hub/Editor/2020.2.2f1/Editor/Data/MonoBleedingEdge/etc'
Using monoOptions --debugger-agent=transport=dt_socket,embedding=1,server=y,suspend=n,address=127.0.0.1:56172
Begin MonoManager ReloadAssembly
Registering precompiled unity dll's ...
Register platform support module: C:/Program Files/Unity/Hub/Editor/2020.2.2f1/Editor/Data/PlaybackEngines/WebGLSupport/UnityEditor.WebGL.Extensions.dll
Register platform support module: C:/Program Files/Unity/Hub/Editor/2020.2.2f1/Editor/Data/PlaybackEngines/WindowsStandaloneSupport/UnityEditor.WindowsStandalone.Extensions.dll
Registered in 0.004124 seconds.
Native extension for WindowsStandalone target not found
Native extension for WebGL target not found
Refreshing native plugins compatible for Editor in 365.46 ms, found 0 plugins.
Preloading 0 native plugins for Editor in 0.00 ms.
Invoked RoslynAnalysisRunner static constructor.
RoslynAnalysisRunner will not be running.
RoslynAnalysisRunner has terminated.
Mono: successfully reloaded assembly
- Completed reload, in  9.440 seconds
Platform modules already initialized, skipping
Registering precompiled user dll's ...
Registered in 0.001323 seconds.
Begin MonoManager ReloadAssembly
Native extension for WindowsStandalone target not found
Native extension for WebGL target not found
Refreshing native plugins compatible for Editor in 0.27 ms, found 0 plugins.
Preloading 0 native plugins for Editor in 0.00 ms.
Invoked RoslynAnalysisRunner static constructor.
RoslynAnalysisRunner will not be running.
RoslynAnalysisRunner has terminated.
Mono: successfully reloaded assembly
- Completed reload, in  2.907 seconds
Platform modules already initialized, skipping
========================================================================
Worker process is ready to serve import requests
Launched and connected shader compiler UnityShaderCompiler.exe after 0.13 seconds
Refreshing native plugins compatible for Editor in 0.48 ms, found 0 plugins.
Preloading 0 native plugins for Editor in 0.00 ms.
Unloading 1104 Unused Serialized files (Serialized files now loaded: 0)
System memory in use before: 69.5 MB.
System memory in use after: 69.6 MB.

Unloading 10 unused Assets to reduce memory usage. Loaded Objects now: 1563.
Total: 3.936500 ms (FindLiveObjects: 0.272000 ms CreateObjectMapping: 0.180600 ms MarkObjects: 3.158100 ms  DeleteObjects: 0.323500 ms)

========================================================================
Received Import Request.
  path: Assets/Scripts/Control/PlayerControlller.cs
  artifactKey: Guid(3c37851d675d7584aa8c5468e8ca765a) Importer(815301076,1909f56bfc062723c751e8b465ee728b)
Start importing Assets/Scripts/Control/PlayerControlller.cs using Guid(3c37851d675d7584aa8c5468e8ca765a) Importer(815301076,1909f56bfc062723c751e8b465ee728b)  -> (artifact id: '24f3cacfb4469689463fbf75b5d8c8d7') in 0.119511 seconds
  Import took 0.126228 seconds .

========================================================================
Received Prepare
Registering precompiled user dll's ...
Registered in 0.001289 seconds.
Begin MonoManager ReloadAssembly
Native extension for WindowsStandalone target not found
Native extension for WebGL target not found
Refreshing native plugins compatible for Editor in 0.68 ms, found 0 plugins.
Preloading 0 native plugins for Editor in 0.00 ms.
Invoked RoslynAnalysisRunner static constructor.
RoslynAnalysisRunner will not be running.
RoslynAnalysisRunner has terminated.
Mono: successfully reloaded assembly
- Completed reload, in  1.770 seconds
Platform modules already initialized, skipping
Refreshing native plugins compatible for Editor in 0.27 ms, found 0 plugins.
Preloading 0 native plugins for Editor in 0.00 ms.
Unloading 1099 Unused Serialized files (Serialized files now loaded: 0)
System memory in use before: 70.0 MB.
System memory in use after: 70.1 MB.

Unloading 6 unused Assets to reduce memory usage. Loaded Objects now: 1565.
Total: 2.809100 ms (FindLiveObjects: 0.222500 ms CreateObjectMapping: 0.084000 ms MarkObjects: 2.386000 ms  DeleteObjects: 0.114500 ms)

========================================================================
Received Import Request.
  Time since last request: 322.578870 seconds.
  path: Assets/Game/Characters/Enemy.prefab
  artifactKey: Guid(840bb0c86f25eeb47bc846526f362ef2) Importer(815301076,1909f56bfc062723c751e8b465ee728b)
Start importing Assets/Game/Characters/Enemy.prefab using Guid(840bb0c86f25eeb47bc846526f362ef2) Importer(815301076,1909f56bfc062723c751e8b465ee728b)  -> (artifact id: 'bb1141b12cc48d0d0d775fd858083180') in 0.166194 seconds
  Import took 0.169458 seconds .

========================================================================
Received Import Request.
  Time since last request: 0.000256 seconds.
  path: Assets/Game/Characters/Player.prefab
  artifactKey: Guid(7ddece2523882554aa76bb5a5ce7e07b) Importer(815301076,1909f56bfc062723c751e8b465ee728b)
Start importing Assets/Game/Characters/Player.prefab using Guid(7ddece2523882554aa76bb5a5ce7e07b) Importer(815301076,1909f56bfc062723c751e8b465ee728b)  -> (artifact id: 'd00b4acbe0791922686873f0c21dabce') in 0.087982 seconds
  Import took 0.092286 seconds .

========================================================================
Received Import Request.
  Time since last request: 50.754109 seconds.
  path: Assets/Scripts/Control/PlayerController.cs
  artifactKey: Guid(d20b071be842d44439bc2b56d331d75c) Importer(815301076,1909f56bfc062723c751e8b465ee728b)
Start importing Assets/Scripts/Control/PlayerController.cs using Guid(d20b071be842d44439bc2b56d331d75c) Importer(815301076,1909f56bfc062723c751e8b465ee728b)  -> (artifact id: '7597d71100a966b03bf5c946fb56dc00') in 0.011333 seconds
  Import took 0.014265 seconds .

========================================================================
Received Import Request.
  Time since last request: 0.037671 seconds.
  path: Assets/Scripts/Control/PlayerController.cs
  artifactKey: Guid(d20b071be842d44439bc2b56d331d75c) Importer(815301076,1909f56bfc062723c751e8b465ee728b)
Start importing Assets/Scripts/Control/PlayerController.cs using Guid(d20b071be842d44439bc2b56d331d75c) Importer(815301076,1909f56bfc062723c751e8b465ee728b)  -> (artifact id: '7597d71100a966b03bf5c946fb56dc00') in 0.004685 seconds
  Import took 0.010379 seconds .

AssetImportWorkerClient::OnTransportError - code=2 error=End of file
